<?xml version="1.0" encoding="UTF-8"?>
<testsuite xmlns:xsi="http://www.w3.org/2001/XMLSchema-instance" xsi:noNamespaceSchemaLocation="https://maven.apache.org/surefire/maven-surefire-plugin/xsd/surefire-test-report-3.0.xsd" version="3.0" name="com.jfbarrios.ParserTest" time="0.035" tests="6" errors="0" skipped="0" failures="0">
  <properties>
    <property name="java.specification.version" value="19"/>
    <property name="sun.jnu.encoding" value="UTF-8"/>
    <property name="java.class.path" value="/Users/fernandobarrios/Developer/json-parser/target/test-classes:/Users/fernandobarrios/Developer/json-parser/target/classes:/Users/fernandobarrios/.m2/repository/org/junit/jupiter/junit-jupiter/5.9.2/junit-jupiter-5.9.2.jar:/Users/fernandobarrios/.m2/repository/org/junit/jupiter/junit-jupiter-api/5.9.2/junit-jupiter-api-5.9.2.jar:/Users/fernandobarrios/.m2/repository/org/opentest4j/opentest4j/1.2.0/opentest4j-1.2.0.jar:/Users/fernandobarrios/.m2/repository/org/junit/platform/junit-platform-commons/1.9.2/junit-platform-commons-1.9.2.jar:/Users/fernandobarrios/.m2/repository/org/apiguardian/apiguardian-api/1.1.2/apiguardian-api-1.1.2.jar:/Users/fernandobarrios/.m2/repository/org/junit/jupiter/junit-jupiter-params/5.9.2/junit-jupiter-params-5.9.2.jar:/Users/fernandobarrios/.m2/repository/org/junit/jupiter/junit-jupiter-engine/5.9.2/junit-jupiter-engine-5.9.2.jar:/Users/fernandobarrios/.m2/repository/org/junit/platform/junit-platform-engine/1.9.2/junit-platform-engine-1.9.2.jar:/Users/fernandobarrios/.m2/repository/com/github/vbmacher/java-cup-runtime/11b-20160615-2/java-cup-runtime-11b-20160615-2.jar:/Users/fernandobarrios/.m2/repository/info/picocli/picocli/4.7.1/picocli-4.7.1.jar:"/>
    <property name="java.vm.vendor" value="Homebrew"/>
    <property name="sun.arch.data.model" value="64"/>
    <property name="java.vendor.url" value="https://github.com/Homebrew/homebrew-core/issues"/>
    <property name="os.name" value="Mac OS X"/>
    <property name="java.vm.specification.version" value="19"/>
    <property name="sun.java.launcher" value="SUN_STANDARD"/>
    <property name="user.country" value="419"/>
    <property name="sun.boot.library.path" value="/usr/local/Cellar/openjdk/19.0.2/libexec/openjdk.jdk/Contents/Home/lib"/>
    <property name="sun.java.command" value="/Users/fernandobarrios/Developer/json-parser/target/surefire/surefirebooter-20230309161726761_3.jar /Users/fernandobarrios/Developer/json-parser/target/surefire 2023-03-09T16-17-26_341-jvmRun1 surefire-20230309161726761_1tmp surefire_0-20230309161726761_2tmp"/>
    <property name="http.nonProxyHosts" value="local|*.local|169.254/16|*.169.254/16"/>
    <property name="jdk.debug" value="release"/>
    <property name="surefire.test.class.path" value="/Users/fernandobarrios/Developer/json-parser/target/test-classes:/Users/fernandobarrios/Developer/json-parser/target/classes:/Users/fernandobarrios/.m2/repository/org/junit/jupiter/junit-jupiter/5.9.2/junit-jupiter-5.9.2.jar:/Users/fernandobarrios/.m2/repository/org/junit/jupiter/junit-jupiter-api/5.9.2/junit-jupiter-api-5.9.2.jar:/Users/fernandobarrios/.m2/repository/org/opentest4j/opentest4j/1.2.0/opentest4j-1.2.0.jar:/Users/fernandobarrios/.m2/repository/org/junit/platform/junit-platform-commons/1.9.2/junit-platform-commons-1.9.2.jar:/Users/fernandobarrios/.m2/repository/org/apiguardian/apiguardian-api/1.1.2/apiguardian-api-1.1.2.jar:/Users/fernandobarrios/.m2/repository/org/junit/jupiter/junit-jupiter-params/5.9.2/junit-jupiter-params-5.9.2.jar:/Users/fernandobarrios/.m2/repository/org/junit/jupiter/junit-jupiter-engine/5.9.2/junit-jupiter-engine-5.9.2.jar:/Users/fernandobarrios/.m2/repository/org/junit/platform/junit-platform-engine/1.9.2/junit-platform-engine-1.9.2.jar:/Users/fernandobarrios/.m2/repository/com/github/vbmacher/java-cup-runtime/11b-20160615-2/java-cup-runtime-11b-20160615-2.jar:/Users/fernandobarrios/.m2/repository/info/picocli/picocli/4.7.1/picocli-4.7.1.jar:"/>
    <property name="sun.cpu.endian" value="little"/>
    <property name="user.home" value="/Users/fernandobarrios"/>
    <property name="user.language" value="es"/>
    <property name="java.specification.vendor" value="Oracle Corporation"/>
    <property name="java.version.date" value="2023-01-17"/>
    <property name="java.home" value="/usr/local/Cellar/openjdk/19.0.2/libexec/openjdk.jdk/Contents/Home"/>
    <property name="file.separator" value="/"/>
    <property name="basedir" value="/Users/fernandobarrios/Developer/json-parser"/>
    <property name="java.vm.compressedOopsMode" value="Zero based"/>
    <property name="line.separator" value="&#10;"/>
    <property name="java.vm.specification.vendor" value="Oracle Corporation"/>
    <property name="java.specification.name" value="Java Platform API Specification"/>
    <property name="apple.awt.application.name" value="ForkedBooter"/>
    <property name="surefire.real.class.path" value="/Users/fernandobarrios/Developer/json-parser/target/surefire/surefirebooter-20230309161726761_3.jar"/>
    <property name="sun.management.compiler" value="HotSpot 64-Bit Tiered Compilers"/>
    <property name="ftp.nonProxyHosts" value="local|*.local|169.254/16|*.169.254/16"/>
    <property name="java.runtime.version" value="19.0.2"/>
    <property name="user.name" value="fernandobarrios"/>
    <property name="stdout.encoding" value="US-ASCII"/>
    <property name="path.separator" value=":"/>
    <property name="os.version" value="13.2.1"/>
    <property name="java.runtime.name" value="OpenJDK Runtime Environment"/>
    <property name="file.encoding" value="UTF-8"/>
    <property name="java.vm.name" value="OpenJDK 64-Bit Server VM"/>
    <property name="java.vendor.version" value="Homebrew"/>
    <property name="localRepository" value="/Users/fernandobarrios/.m2/repository"/>
    <property name="java.vendor.url.bug" value="https://github.com/Homebrew/homebrew-core/issues"/>
    <property name="java.io.tmpdir" value="/var/folders/r8/pbbvg2m11z12zk3v06zsb4nh0000gn/T/"/>
    <property name="java.version" value="19.0.2"/>
    <property name="user.dir" value="/Users/fernandobarrios/Developer/json-parser"/>
    <property name="os.arch" value="x86_64"/>
    <property name="java.vm.specification.name" value="Java Virtual Machine Specification"/>
    <property name="native.encoding" value="US-ASCII"/>
    <property name="java.library.path" value="/Users/fernandobarrios/Library/Java/Extensions:/Library/Java/Extensions:/Network/Library/Java/Extensions:/System/Library/Java/Extensions:/usr/lib/java:."/>
    <property name="java.vm.info" value="mixed mode, sharing"/>
    <property name="stderr.encoding" value="US-ASCII"/>
    <property name="java.vendor" value="Homebrew"/>
    <property name="java.vm.version" value="19.0.2"/>
    <property name="sun.io.unicode.encoding" value="UnicodeBig"/>
    <property name="socksNonProxyHosts" value="local|*.local|169.254/16|*.169.254/16"/>
    <property name="java.class.version" value="63.0"/>
  </properties>
  <testcase name="testInputExam" classname="com.jfbarrios.ParserTest" time="0.017">
    <system-out><![CDATA[
Parseando objeto... 
Clave "squadName" : "Super hero squad" (cadena)
Clave "homeTown" : "Metro City" (cadena)
Clave "formed" : 2016 (numero entero)
Clave "secretBase" : "Super tower" (cadena)
Clave "active" : true (booleano)
Clave "members" : 
Parseando array... 

Parseando objeto... 
Clave "name" : "Molecule Man" (cadena)
Clave "age" : 29 (numero entero)
Clave "secretIdentity" : "Dan Jukes" (cadena)
Clave "powers" : 
Parseando array... 
"Radiation resistance" (cadena)
"Turning tiny" (cadena)
"Radiation blast" (cadena)
Array parseado.
Objeto parseado.

Parseando objeto... 
Clave "name" : "Madame Uppercut" (cadena)
Clave "age" : 39 (numero entero)
Clave "secretIdentity" : "Jane Wilson" (cadena)
Clave "powers" : 
Parseando array... 
"Million tonne punch" (cadena)
"Damage resistance" (cadena)
"Superhuman reflexes" (cadena)
Array parseado.
Objeto parseado.

Parseando objeto... 
Clave "name" : "Eternal Flame" (cadena)
Clave "age" : 1000000 (numero entero)
Clave "secretIdentity" : "Unknown" (cadena)
Clave "powers" : 
Parseando array... 
"Immortality" (cadena)
"Heat Immunity" (cadena)
"Inferno" (cadena)
"Teleportation" (cadena)
"Interdimensional travel" (cadena)
Array parseado.
Objeto parseado.
Array parseado.
Objeto parseado.

Es valido el JSON.
]]></system-out>
  </testcase>
  <testcase name="testEmptyArray" classname="com.jfbarrios.ParserTest" time="0.002">
    <system-out><![CDATA[
Parseando array... 
Array vacio parseado.

Es valido el JSON.
]]></system-out>
  </testcase>
  <testcase name="testValidJSON" classname="com.jfbarrios.ParserTest" time="0.003">
    <system-out><![CDATA[
Parseando objeto... 
Clave "nombres" : "Juan Fernando" (cadena)
Clave "apellidos" : "Barrios Barrera" (cadena)
Clave "carnet" : "202102655" (cadena)
Clave "edad" : 32 (numero entero)
Clave "esViudo" : false (booleano)
Clave "comidasPreferidas" : 
Parseando array... 
"pizza" (cadena)
"pasta" (cadena)
"ramen" (cadena)
Array parseado.
Clave "direccion" : 
Parseando objeto... 
Clave "calle" : "Calle 1" (cadena)
Clave "colonia" : "Colonia 1" (cadena)
Clave "ciudad" : "Ciudad 1" (cadena)
Clave "pais" : "Pais 1" (cadena)
Objeto parseado.
Clave "punteoQueDeseaEnTarea" : 100.0 (numero real)
Objeto parseado.

Es valido el JSON.
]]></system-out>
  </testcase>
  <testcase name="testEmptyObject" classname="com.jfbarrios.ParserTest" time="0.001">
    <system-out><![CDATA[
Parseando objeto... 
Objeto vacio parseado.

Es valido el JSON.
]]></system-out>
  </testcase>
  <testcase name="testNonValidJSONKeys" classname="com.jfbarrios.ParserTest" time="0.002"/>
  <testcase name="testNonValidJSONStructure" classname="com.jfbarrios.ParserTest" time="0.003">
    <system-out><![CDATA[instead expected token classes are []
]]></system-out>
    <system-err><![CDATA[Syntax error at character 0 of input
Couldn't repair and continue parse at character 0 of input
]]></system-err>
  </testcase>
</testsuite>